[debug] [2023-05-30T11:01:50.243Z] ----------------------------------------------------------------------
[debug] [2023-05-30T11:01:50.247Z] Command:       C:\Program Files\nodejs\node.exe C:\Users\Professional\AppData\Roaming\npm\node_modules\firebase-tools\lib\bin\firebase.js init
[debug] [2023-05-30T11:01:50.247Z] CLI Version:   12.2.1
[debug] [2023-05-30T11:01:50.248Z] Platform:      win32
[debug] [2023-05-30T11:01:50.248Z] Node Version:  v16.15.0
[debug] [2023-05-30T11:01:50.249Z] Time:          Tue May 30 2023 14:01:50 GMT+0300 (за східноєвропейським літнім часом)
[debug] [2023-05-30T11:01:50.250Z] ----------------------------------------------------------------------
[debug] 
[debug] [2023-05-30T11:01:50.263Z] > command requires scopes: ["email","openid","https://www.googleapis.com/auth/cloudplatformprojects.readonly","https://www.googleapis.com/auth/firebase","https://www.googleapis.com/auth/cloud-platform"]
[debug] [2023-05-30T11:01:50.264Z] > authorizing via signed-in user (anatolii.s.tkach@gmail.com)
[info] 
     ######## #### ########  ######## ########     ###     ######  ########
     ##        ##  ##     ## ##       ##     ##  ##   ##  ##       ##
     ######    ##  ########  ######   ########  #########  ######  ######
     ##        ##  ##    ##  ##       ##     ## ##     ##       ## ##
     ##       #### ##     ## ######## ########  ##     ##  ######  ########

You're about to initialize a Firebase project in this directory:

  C:\Users\Professional\Documents\HTML\react\delivery-app

[info] 
=== Project Setup
[info] 
[info] First, let's associate this project directory with a Firebase project.
[info] You can create multiple project aliases by running firebase use --add, 
[info] but for now we'll just set up a default project.
[info] 
[debug] [2023-05-30T11:02:31.352Z] > refreshing access token with scopes: []
[debug] [2023-05-30T11:02:31.355Z] >>> [apiv2][query] POST https://www.googleapis.com/oauth2/v3/token [none]
[debug] [2023-05-30T11:02:31.355Z] >>> [apiv2][body] POST https://www.googleapis.com/oauth2/v3/token [omitted]
[debug] [2023-05-30T11:02:31.921Z] <<< [apiv2][status] POST https://www.googleapis.com/oauth2/v3/token 200
[debug] [2023-05-30T11:02:31.922Z] <<< [apiv2][body] POST https://www.googleapis.com/oauth2/v3/token [omitted]
[debug] [2023-05-30T11:02:32.002Z] >>> [apiv2][query] GET https://firebase.googleapis.com/v1beta1/projects pageSize=100
[debug] [2023-05-30T11:02:32.813Z] <<< [apiv2][status] GET https://firebase.googleapis.com/v1beta1/projects 200
[debug] [2023-05-30T11:02:32.813Z] <<< [apiv2][body] GET https://firebase.googleapis.com/v1beta1/projects [omitted]
[info] i  Using project delivery-app-8ae93 (Delivery app) 
[info] 
=== Hosting Setup
[info] 
[info] Your public directory is the folder (relative to your project directory) that
[info] will contain Hosting assets to be uploaded with firebase deploy. If you
[info] have a build process for your assets, use your build's output directory.
[info] 
[info] +  Wrote public/404.html 
[debug] [2023-05-30T11:03:54.463Z] >>> [apiv2][query] GET https://www.gstatic.com/firebasejs/releases.json [none]
[debug] [2023-05-30T11:03:54.982Z] <<< [apiv2][status] GET https://www.gstatic.com/firebasejs/releases.json 200
[debug] [2023-05-30T11:03:54.982Z] <<< [apiv2][body] GET https://www.gstatic.com/firebasejs/releases.json {"current":{"version":"9.22.1","browserURL":"https://www.gstatic.com/firebasejs/9.22.1/firebase.js","packageURL":"https://www.gstatic.com/firebasejs/9.22.1/firebase.tgz"},"live":{"version":"9.22","browserURL":"https://www.gstatic.com/firebasejs/live/9.22/firebase.js","packageURL":"https://www.gstatic.com/firebasejs/live/9.22/firebase.tgz"},"components":{"analytics":"https://www.gstatic.com/firebasejs/9.22.1/firebase-analytics.js","app":"https://www.gstatic.com/firebasejs/9.22.1/firebase-app.js","app-check":"https://www.gstatic.com/firebasejs/9.22.1/firebase-app-check.js","auth":"https://www.gstatic.com/firebasejs/9.22.1/firebase-auth.js","auth/cordova":"https://www.gstatic.com/firebasejs/9.22.1/firebase-auth/cordova.js","auth/react-native":"https://www.gstatic.com/firebasejs/9.22.1/firebase-auth/react-native.js","functions":"https://www.gstatic.com/firebasejs/9.22.1/firebase-functions.js","firestore":"https://www.gstatic.com/firebasejs/9.22.1/firebase-firestore.js","firestore/lite":"https://www.gstatic.com/firebasejs/9.22.1/firebase-firestore/lite.js","installations":"https://www.gstatic.com/firebasejs/9.22.1/firebase-installations.js","storage":"https://www.gstatic.com/firebasejs/9.22.1/firebase-storage.js","performance":"https://www.gstatic.com/firebasejs/9.22.1/firebase-performance.js","remote-config":"https://www.gstatic.com/firebasejs/9.22.1/firebase-remote-config.js","messaging":"https://www.gstatic.com/firebasejs/9.22.1/firebase-messaging.js","messaging/sw":"https://www.gstatic.com/firebasejs/9.22.1/firebase-messaging/sw.js","database":"https://www.gstatic.com/firebasejs/9.22.1/firebase-database.js","firestore.memory":"https://www.gstatic.com/firebasejs/9.22.1/firebase-firestore.memory.js"}}
[info] i  Skipping write of public/index.html 
[info] 
[info] i  Didn't detect a .git folder. Assuming C:\Users\Professional\Documents\HTML\react\delivery-app is the project root. 
[info] i  Authorizing with GitHub to upload your service account to a GitHub repository's secrets store. 
[info] 
[info] Visit this URL on this device to log in:
[info] https://github.com/login/oauth/authorize?client_id=89cf50f02ac6aaed3484&state=19345201&redirect_uri=http%3A%2F%2Flocalhost%3A9005&scope=read%3Auser%20repo%20public_repo
[info] 
[info] Waiting for authentication...
[debug] [2023-05-30T11:04:07.216Z] >>> [apiv2][query] POST https://github.com/login/oauth/access_token [none]
[debug] [2023-05-30T11:04:07.217Z] >>> [apiv2][body] POST https://github.com/login/oauth/access_token [stream]
[debug] [2023-05-30T11:04:07.676Z] <<< [apiv2][status] POST https://github.com/login/oauth/access_token 200
[debug] [2023-05-30T11:04:07.677Z] <<< [apiv2][body] POST https://github.com/login/oauth/access_token {"access_token":"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","token_type":"bearer","scope":"read:user,repo"}
[debug] [2023-05-30T11:04:07.701Z] >>> [apiv2][query] GET https://api.github.com/user [none]
[debug] [2023-05-30T11:04:08.181Z] <<< [apiv2][status] GET https://api.github.com/user 200
[debug] [2023-05-30T11:04:08.181Z] <<< [apiv2][body] GET https://api.github.com/user {"login":"ASTkach","id":103994118,"node_id":"U_kgDOBjLTBg","avatar_url":"https://avatars.githubusercontent.com/u/103994118?v=4","gravatar_id":"","url":"https://api.github.com/users/ASTkach","html_url":"https://github.com/ASTkach","followers_url":"https://api.github.com/users/ASTkach/followers","following_url":"https://api.github.com/users/ASTkach/following{/other_user}","gists_url":"https://api.github.com/users/ASTkach/gists{/gist_id}","starred_url":"https://api.github.com/users/ASTkach/starred{/owner}{/repo}","subscriptions_url":"https://api.github.com/users/ASTkach/subscriptions","organizations_url":"https://api.github.com/users/ASTkach/orgs","repos_url":"https://api.github.com/users/ASTkach/repos","events_url":"https://api.github.com/users/ASTkach/events{/privacy}","received_events_url":"https://api.github.com/users/ASTkach/received_events","type":"User","site_admin":false,"name":"Anatolii","company":null,"blog":"","location":null,"email":null,"hireable":null,"bio":null,"twitter_username":null,"public_repos":17,"public_gists":0,"followers":0,"following":1,"created_at":"2022-04-19T08:44:16Z","updated_at":"2023-03-18T13:10:57Z","private_gists":0,"total_private_repos":0,"owned_private_repos":0,"disk_usage":40872,"collaborators":0,"two_factor_authentication":false,"plan":{"name":"free","space":976562499,"collaborators":0,"private_repos":10000}}
[info] 
[info] +  Success! Logged into GitHub as ASTkach 
[info] 
